<?xml version="1.0" encoding="UTF-8"?>

<beans xmlns="http://www.springframework.org/schema/beans"
	xmlns:xsi="http://www.w3.org/2001/XMLSchema-instance" xmlns:context="http://www.springframework.org/schema/context"
	xmlns:tx="http://www.springframework.org/schema/tx"
	xmlns:aop="http://www.springframework.org/schema/aop"
	xsi:schemaLocation="http://www.springframework.org/schema/beans
       http://www.springframework.org/schema/beans/spring-beans.xsd
       http://www.springframework.org/schema/tx http://www.springframework.org/schema/tx/spring-tx.xsd
       http://www.springframework.org/schema/aop http://www.springframework.org/schema/aop/spring-aop.xsd
       http://www.springframework.org/schema/context
       http://www.springframework.org/schema/context/spring-context.xsd">

	<context:component-scan base-package="com.brandtex.core.service" />
	
	<import resource="classpath:META-INF/spring/test-gsdimage-data.xml" />

	<bean id="transactionManagerGSDImage"
		class="org.springframework.jdbc.datasource.DataSourceTransactionManager">
		<property name="dataSource" ref="dtBrandtex" />
	</bean>
	
	<tx:annotation-driven transaction-manager="transactionManagerGSDImage" />
	
	<tx:advice id="txAdviceGSDImage" transaction-manager="transactionManagerGSDImage">
        <tx:attributes>
            <tx:method name="*" rollback-for="com.brandtex.core.exception.BrandtexException,Exception" />
        </tx:attributes>
    </tx:advice>
    <aop:config>
        <aop:pointcut id="serviceOperationsGSDImage" expression="execution(* com.brandtex.core.service.*.*(..))" />
        <aop:advisor advice-ref="txAdviceGSDImage" pointcut-ref="serviceOperationsGSDImage" />    
    </aop:config>
    
</beans>
