<?xml version="1.0" encoding="UTF-8"?>

<beans xmlns="http://www.springframework.org/schema/beans"
	xmlns:xsi="http://www.w3.org/2001/XMLSchema-instance" xmlns:context="http://www.springframework.org/schema/context"
	xmlns:jee="http://www.springframework.org/schema/jee"
	xsi:schemaLocation="http://www.springframework.org/schema/beans
       http://www.springframework.org/schema/beans/spring-beans.xsd
       http://www.springframework.org/schema/context
       http://www.springframework.org/schema/context/spring-context.xsd
       http://www.springframework.org/schema/jee 
       http://www.springframework.org/schema/jee/spring-jee.xsd">

	<context:component-scan base-package="com.brandtex.core.dao" />

	<bean id="dtBrandtex"
		class="org.springframework.jdbc.datasource.DriverManagerDataSource">
		<property name="driverClassName" value="${gsdimage.jdbc.driverclass.name}" />
		<property name="url" value="${gsdimage.jdbc.url}" />
		<property name="username" value="${gsdimage.jdbc.username}" />
		<property name="password" value="${gsdimage.jdbc.password}" />
	</bean>

	<bean id="sqlSessionFactoryBrandtex" class="org.mybatis.spring.SqlSessionFactoryBean">
		<property name="configLocation"
			value="classpath:META-INF/mybatis/prod/brandtex-sqlmapconfig.xml" />
		<property name="typeAliasesPackage" value="com.brandtex.core.domain" />
		<property name="dataSource" ref="dtBrandtex" />
	</bean>

	<bean class="org.mybatis.spring.mapper.MapperScannerConfigurer">
		<property name="basePackage" value="com.brandtex.core.dao" />
	</bean>
	
	<context:property-placeholder location="classpath:database.properties" />

</beans>